# JRE version: OpenJDK Runtime Environment (8.0_242-b01) (build 1.8.0_242-release-1644-b01)
# Java VM: OpenJDK 64-Bit Server VM (25.242-b01 mixed mode windows-amd64 compressed oops)
Heap:
 PSYoungGen      total 350720K, used 309171K [0x00000000d5580000, 0x00000000ed800000, 0x0000000100000000)
  eden space 330240K, 87% used [0x00000000d5580000,0x00000000e6f90dc0,0x00000000e9800000)
  from space 20480K, 99% used [0x00000000eae00000,0x00000000ec1dc218,0x00000000ec200000)
  to   space 22528K, 0% used [0x00000000ec200000,0x00000000ec200000,0x00000000ed800000)
 ParOldGen       total 181760K, used 57856K [0x0000000080000000, 0x000000008b180000, 0x00000000d5580000)
  object space 181760K, 31% used [0x0000000080000000,0x00000000838801c8,0x000000008b180000)
 Metaspace       used 104922K, capacity 113196K, committed 113304K, reserved 1148928K
  class space    used 13404K, capacity 14752K, committed 14768K, reserved 1048576K
GC Heap History (10 events):
Event: 1880.824 GC heap before
{Heap before GC invocations=27 (full 4):
 PSYoungGen      total 435712K, used 415927K [0x00000000d5580000, 0x00000000f1f80000, 0x0000000100000000)
  eden space 401920K, 99% used [0x00000000d5580000,0x00000000edc554d8,0x00000000ede00000)
  from space 33792K, 46% used [0x00000000efd80000,0x00000000f0cd8778,0x00000000f1e80000)
  to   space 32256K, 0% used [0x00000000ede00000,0x00000000ede00000,0x00000000efd80000)
 ParOldGen       total 181760K, used 57816K [0x0000000080000000, 0x000000008b180000, 0x00000000d5580000)
  object space 181760K, 31% used [0x0000000080000000,0x00000000838761c8,0x000000008b180000)
 Metaspace       used 97317K, capacity 103466K, committed 103704K, reserved 1138688K
  class space    used 12530K, capacity 13579K, committed 13616K, reserved 1048576K
Event: 1880.940 GC heap after
Heap after GC invocations=27 (full 4):
 PSYoungGen      total 406528K, used 20106K [0x00000000d5580000, 0x00000000f0e80000, 0x0000000100000000)
  eden space 386048K, 0% used [0x00000000d5580000,0x00000000d5580000,0x00000000ece80000)
  from space 20480K, 98% used [0x00000000ede00000,0x00000000ef1a2930,0x00000000ef200000)
  to   space 29184K, 0% used [0x00000000ef200000,0x00000000ef200000,0x00000000f0e80000)
 ParOldGen       total 181760K, used 57824K [0x0000000080000000, 0x000000008b180000, 0x00000000d5580000)
  object space 181760K, 31% used [0x0000000080000000,0x00000000838781c8,0x000000008b180000)
 Metaspace       used 97317K, capacity 103466K, committed 103704K, reserved 1138688K
  class space    used 12530K, capacity 13579K, committed 13616K, reserved 1048576K
}
Event: 2326.162 GC heap before
{Heap before GC invocations=28 (full 4):
 PSYoungGen      total 406528K, used 406154K [0x00000000d5580000, 0x00000000f0e80000, 0x0000000100000000)
  eden space 386048K, 100% used [0x00000000d5580000,0x00000000ece80000,0x00000000ece80000)
  from space 20480K, 98% used [0x00000000ede00000,0x00000000ef1a2930,0x00000000ef200000)
  to   space 29184K, 0% used [0x00000000ef200000,0x00000000ef200000,0x00000000f0e80000)
 ParOldGen       total 181760K, used 57824K [0x0000000080000000, 0x000000008b180000, 0x00000000d5580000)
  object space 181760K, 31% used [0x0000000080000000,0x00000000838781c8,0x000000008b180000)
 Metaspace       used 97462K, capacity 103664K, committed 103960K, reserved 1140736K
  class space    used 12531K, capacity 13580K, committed 13616K, reserved 1048576K
Event: 2326.249 GC heap after
Heap after GC invocations=28 (full 4):
 PSYoungGen      total 385024K, used 13498K [0x00000000d5580000, 0x00000000eff80000, 0x0000000100000000)
  eden space 371200K, 0% used [0x00000000d5580000,0x00000000d5580000,0x00000000ec000000)
  from space 13824K, 97% used [0x00000000ef200000,0x00000000eff2ea40,0x00000000eff80000)
  to   space 31232K, 0% used [0x00000000ec280000,0x00000000ec280000,0x00000000ee100000)
 ParOldGen       total 181760K, used 57832K [0x0000000080000000, 0x000000008b180000, 0x00000000d5580000)
  object space 181760K, 31% used [0x0000000080000000,0x000000008387a1c8,0x000000008b180000)
 Metaspace       used 97462K, capacity 103664K, committed 103960K, reserved 1140736K
  class space    used 12531K, capacity 13580K, committed 13616K, reserved 1048576K
}
Event: 2331.623 GC heap before
{Heap before GC invocations=29 (full 4):
 PSYoungGen      total 385024K, used 381628K [0x00000000d5580000, 0x00000000eff80000, 0x0000000100000000)
  eden space 371200K, 99% used [0x00000000d5580000,0x00000000ebd00848,0x00000000ec000000)
  from space 13824K, 97% used [0x00000000ef200000,0x00000000eff2ea40,0x00000000eff80000)
  to   space 31232K, 0% used [0x00000000ec280000,0x00000000ec280000,0x00000000ee100000)
 ParOldGen       total 181760K, used 57832K [0x0000000080000000, 0x000000008b180000, 0x00000000d5580000)
  object space 181760K, 31% used [0x0000000080000000,0x000000008387a1c8,0x000000008b180000)
 Metaspace       used 97620K, capacity 103884K, committed 103960K, reserved 1140736K
  class space    used 12533K, capacity 13582K, committed 13616K, reserved 1048576K
Event: 2331.683 GC heap after
Heap after GC invocations=29 (full 4):
 PSYoungGen      total 377344K, used 20363K [0x00000000d5580000, 0x00000000ef280000, 0x0000000100000000)
  eden space 356864K, 0% used [0x00000000d5580000,0x00000000d5580000,0x00000000eb200000)
  from space 20480K, 99% used [0x00000000ec280000,0x00000000ed662e20,0x00000000ed680000)
  to   space 28672K, 0% used [0x00000000ed680000,0x00000000ed680000,0x00000000ef280000)
 ParOldGen       total 181760K, used 57840K [0x0000000080000000, 0x000000008b180000, 0x00000000d5580000)
  object space 181760K, 31% used [0x0000000080000000,0x000000008387c1c8,0x000000008b180000)
 Metaspace       used 97620K, capacity 103884K, committed 103960K, reserved 1140736K
  class space    used 12533K, capacity 13582K, committed 13616K, reserved 1048576K
}
Event: 2890.410 GC heap before
{Heap before GC invocations=30 (full 4):
 PSYoungGen      total 377344K, used 377227K [0x00000000d5580000, 0x00000000ef280000, 0x0000000100000000)
  eden space 356864K, 100% used [0x00000000d5580000,0x00000000eb200000,0x00000000eb200000)
  from space 20480K, 99% used [0x00000000ec280000,0x00000000ed662e20,0x00000000ed680000)
  to   space 28672K, 0% used [0x00000000ed680000,0x00000000ed680000,0x00000000ef280000)
 ParOldGen       total 181760K, used 57840K [0x0000000080000000, 0x000000008b180000, 0x00000000d5580000)
  object space 181760K, 31% used [0x0000000080000000,0x000000008387c1c8,0x000000008b180000)
 Metaspace       used 99082K, capacity 106992K, committed 107288K, reserved 1142784K
  class space    used 12795K, capacity 14066K, committed 14128K, reserved 1048576K
Event: 2890.599 GC heap after
Heap after GC invocations=30 (full 4):
 PSYoungGen      total 367104K, used 23820K [0x00000000d5580000, 0x00000000eee00000, 0x0000000100000000)
  eden space 343040K, 0% used [0x00000000d5580000,0x00000000d5580000,0x00000000ea480000)
  from space 24064K, 98% used [0x00000000ed680000,0x00000000eedc30e8,0x00000000eee00000)
  to   space 32768K, 0% used [0x00000000eae00000,0x00000000eae00000,0x00000000ece00000)
 ParOldGen       total 181760K, used 57848K [0x0000000080000000, 0x000000008b180000, 0x00000000d5580000)
  object space 181760K, 31% used [0x0000000080000000,0x000000008387e1c8,0x000000008b180000)
 Metaspace       used 99082K, capacity 106992K, committed 107288K, reserved 1142784K
  class space    used 12795K, capacity 14066K, committed 14128K, reserved 1048576K
}
Event: 2897.779 GC heap before
{Heap before GC invocations=31 (full 4):
 PSYoungGen      total 367104K, used 366844K [0x00000000d5580000, 0x00000000eee00000, 0x0000000100000000)
  eden space 343040K, 99% used [0x00000000d5580000,0x00000000ea47bf18,0x00000000ea480000)
  from space 24064K, 98% used [0x00000000ed680000,0x00000000eedc30e8,0x00000000eee00000)
  to   space 32768K, 0% used [0x00000000eae00000,0x00000000eae00000,0x00000000ece00000)
 ParOldGen       total 181760K, used 57848K [0x0000000080000000, 0x000000008b180000, 0x00000000d5580000)
  object space 181760K, 31% used [0x0000000080000000,0x000000008387e1c8,0x000000008b180000)
 Metaspace       used 99199K, capacity 107026K, committed 107288K, reserved 1142784K
  class space    used 12797K, capacity 14069K, committed 14128K, reserved 1048576K
Event: 2897.836 GC heap after
Heap after GC invocations=31 (full 4):
 PSYoungGen      total 350720K, used 20336K [0x00000000d5580000, 0x00000000ed800000, 0x0000000100000000)
  eden space 330240K, 0% used [0x00000000d5580000,0x00000000d5580000,0x00000000e9800000)
  from space 20480K, 99% used [0x00000000eae00000,0x00000000ec1dc218,0x00000000ec200000)
  to   space 22528K, 0% used [0x00000000ec200000,0x00000000ec200000,0x00000000ed800000)
 ParOldGen       total 181760K, used 57856K [0x0000000080000000, 0x000000008b180000, 0x00000000d5580000)
  object space 181760K, 31% used [0x0000000080000000,0x00000000838801c8,0x000000008b180000)
 Metaspace       used 99199K, capacity 107026K, committed 107288K, reserved 1142784K
  class space    used 12797K, capacity 14069K, committed 14128K, reserved 1048576K
}

