# JRE version: OpenJDK Runtime Environment (8.0_242-b01) (build 1.8.0_242-release-1644-b01)
# Java VM: OpenJDK 64-Bit Server VM (25.242-b01 mixed mode windows-amd64 compressed oops)
Heap:
 PSYoungGen      total 289280K, used 175845K [0x00000000d5580000, 0x00000000ec800000, 0x0000000100000000)
  eden space 263680K, 56% used [0x00000000d5580000,0x00000000de839fb0,0x00000000e5700000)
  from space 25600K, 99% used [0x00000000e5700000,0x00000000e6fff5b0,0x00000000e7000000)
  to   space 32256K, 0% used [0x00000000ea880000,0x00000000ea880000,0x00000000ec800000)
 ParOldGen       total 114176K, used 36794K [0x0000000080000000, 0x0000000086f80000, 0x00000000d5580000)
  object space 114176K, 32% used [0x0000000080000000,0x00000000823eeaf8,0x0000000086f80000)
 Metaspace       used 75375K, capacity 79138K, committed 79256K, reserved 1118208K
  class space    used 9942K, capacity 10624K, committed 10672K, reserved 1048576K
GC Heap History (10 events):
Event: 10.168 GC heap before
{Heap before GC invocations=14 (full 2):
 PSYoungGen      total 179712K, used 33513K [0x00000000d5580000, 0x00000000e4f80000, 0x0000000100000000)
  eden space 166400K, 12% used [0x00000000d5580000,0x00000000d6942570,0x00000000df800000)
  from space 13312K, 99% used [0x00000000df800000,0x00000000e04f8118,0x00000000e0500000)
  to   space 19968K, 0% used [0x00000000e3c00000,0x00000000e3c00000,0x00000000e4f80000)
 ParOldGen       total 77312K, used 30171K [0x0000000080000000, 0x0000000084b80000, 0x00000000d5580000)
  object space 77312K, 39% used [0x0000000080000000,0x0000000081d76d50,0x0000000084b80000)
 Metaspace       used 56671K, capacity 59032K, committed 59160K, reserved 1099776K
  class space    used 7757K, capacity 8211K, committed 8240K, reserved 1048576K
Event: 10.185 GC heap after
Heap after GC invocations=14 (full 2):
 PSYoungGen      total 236032K, used 1952K [0x00000000d5580000, 0x00000000e5600000, 0x0000000100000000)
  eden space 216064K, 0% used [0x00000000d5580000,0x00000000d5580000,0x00000000e2880000)
  from space 19968K, 9% used [0x00000000e3c00000,0x00000000e3de8000,0x00000000e4f80000)
  to   space 19968K, 0% used [0x00000000e2880000,0x00000000e2880000,0x00000000e3c00000)
 ParOldGen       total 77312K, used 40873K [0x0000000080000000, 0x0000000084b80000, 0x00000000d5580000)
  object space 77312K, 52% used [0x0000000080000000,0x00000000827ea530,0x0000000084b80000)
 Metaspace       used 56671K, capacity 59032K, committed 59160K, reserved 1099776K
  class space    used 7757K, capacity 8211K, committed 8240K, reserved 1048576K
}
Event: 10.185 GC heap before
{Heap before GC invocations=15 (full 3):
 PSYoungGen      total 236032K, used 1952K [0x00000000d5580000, 0x00000000e5600000, 0x0000000100000000)
  eden space 216064K, 0% used [0x00000000d5580000,0x00000000d5580000,0x00000000e2880000)
  from space 19968K, 9% used [0x00000000e3c00000,0x00000000e3de8000,0x00000000e4f80000)
  to   space 19968K, 0% used [0x00000000e2880000,0x00000000e2880000,0x00000000e3c00000)
 ParOldGen       total 77312K, used 40873K [0x0000000080000000, 0x0000000084b80000, 0x00000000d5580000)
  object space 77312K, 52% used [0x0000000080000000,0x00000000827ea530,0x0000000084b80000)
 Metaspace       used 56671K, capacity 59032K, committed 59160K, reserved 1099776K
  class space    used 7757K, capacity 8211K, committed 8240K, reserved 1048576K
Event: 10.453 GC heap after
Heap after GC invocations=15 (full 3):
 PSYoungGen      total 236032K, used 0K [0x00000000d5580000, 0x00000000e5600000, 0x0000000100000000)
  eden space 216064K, 0% used [0x00000000d5580000,0x00000000d5580000,0x00000000e2880000)
  from space 19968K, 0% used [0x00000000e3c00000,0x00000000e3c00000,0x00000000e4f80000)
  to   space 19968K, 0% used [0x00000000e2880000,0x00000000e2880000,0x00000000e3c00000)
 ParOldGen       total 114176K, used 29637K [0x0000000080000000, 0x0000000086f80000, 0x00000000d5580000)
  object space 114176K, 25% used [0x0000000080000000,0x0000000081cf17f8,0x0000000086f80000)
 Metaspace       used 56630K, capacity 58894K, committed 59160K, reserved 1099776K
  class space    used 7744K, capacity 8188K, committed 8240K, reserved 1048576K
}
Event: 13.756 GC heap before
{Heap before GC invocations=16 (full 3):
 PSYoungGen      total 236032K, used 216064K [0x00000000d5580000, 0x00000000e5600000, 0x0000000100000000)
  eden space 216064K, 100% used [0x00000000d5580000,0x00000000e2880000,0x00000000e2880000)
  from space 19968K, 0% used [0x00000000e3c00000,0x00000000e3c00000,0x00000000e4f80000)
  to   space 19968K, 0% used [0x00000000e2880000,0x00000000e2880000,0x00000000e3c00000)
 ParOldGen       total 114176K, used 29637K [0x0000000080000000, 0x0000000086f80000, 0x00000000d5580000)
  object space 114176K, 25% used [0x0000000080000000,0x0000000081cf17f8,0x0000000086f80000)
 Metaspace       used 66461K, capacity 69664K, committed 69784K, reserved 1110016K
  class space    used 9172K, capacity 9785K, committed 9904K, reserved 1048576K
Event: 13.790 GC heap after
Heap after GC invocations=16 (full 3):
 PSYoungGen      total 236032K, used 17547K [0x00000000d5580000, 0x00000000e8780000, 0x0000000100000000)
  eden space 216064K, 0% used [0x00000000d5580000,0x00000000d5580000,0x00000000e2880000)
  from space 19968K, 87% used [0x00000000e2880000,0x00000000e39a2c98,0x00000000e3c00000)
  to   space 22016K, 0% used [0x00000000e7200000,0x00000000e7200000,0x00000000e8780000)
 ParOldGen       total 114176K, used 29645K [0x0000000080000000, 0x0000000086f80000, 0x00000000d5580000)
  object space 114176K, 25% used [0x0000000080000000,0x0000000081cf37f8,0x0000000086f80000)
 Metaspace       used 66461K, capacity 69664K, committed 69784K, reserved 1110016K
  class space    used 9172K, capacity 9785K, committed 9904K, reserved 1048576K
}
Event: 17.486 GC heap before
{Heap before GC invocations=17 (full 3):
 PSYoungGen      total 236032K, used 233611K [0x00000000d5580000, 0x00000000e8780000, 0x0000000100000000)
  eden space 216064K, 100% used [0x00000000d5580000,0x00000000e2880000,0x00000000e2880000)
  from space 19968K, 87% used [0x00000000e2880000,0x00000000e39a2c98,0x00000000e3c00000)
  to   space 22016K, 0% used [0x00000000e7200000,0x00000000e7200000,0x00000000e8780000)
 ParOldGen       total 114176K, used 29645K [0x0000000080000000, 0x0000000086f80000, 0x00000000d5580000)
  object space 114176K, 25% used [0x0000000080000000,0x0000000081cf37f8,0x0000000086f80000)
 Metaspace       used 69657K, capacity 73126K, committed 73368K, reserved 1112064K
  class space    used 9496K, capacity 10150K, committed 10160K, reserved 1048576K
Event: 17.516 GC heap after
Heap after GC invocations=17 (full 3):
 PSYoungGen      total 285696K, used 21545K [0x00000000d5580000, 0x00000000e8900000, 0x0000000100000000)
  eden space 263680K, 0% used [0x00000000d5580000,0x00000000d5580000,0x00000000e5700000)
  from space 22016K, 97% used [0x00000000e7200000,0x00000000e870a418,0x00000000e8780000)
  to   space 25600K, 0% used [0x00000000e5700000,0x00000000e5700000,0x00000000e7000000)
 ParOldGen       total 114176K, used 29653K [0x0000000080000000, 0x0000000086f80000, 0x00000000d5580000)
  object space 114176K, 25% used [0x0000000080000000,0x0000000081cf57f8,0x0000000086f80000)
 Metaspace       used 69657K, capacity 73126K, committed 73368K, reserved 1112064K
  class space    used 9496K, capacity 10150K, committed 10160K, reserved 1048576K
}
Event: 22.660 GC heap before
{Heap before GC invocations=18 (full 3):
 PSYoungGen      total 285696K, used 285222K [0x00000000d5580000, 0x00000000e8900000, 0x0000000100000000)
  eden space 263680K, 99% used [0x00000000d5580000,0x00000000e56ff750,0x00000000e5700000)
  from space 22016K, 97% used [0x00000000e7200000,0x00000000e870a418,0x00000000e8780000)
  to   space 25600K, 0% used [0x00000000e5700000,0x00000000e5700000,0x00000000e7000000)
 ParOldGen       total 114176K, used 29653K [0x0000000080000000, 0x0000000086f80000, 0x00000000d5580000)
  object space 114176K, 25% used [0x0000000080000000,0x0000000081cf57f8,0x0000000086f80000)
 Metaspace       used 73581K, capacity 77170K, committed 77208K, reserved 1116160K
  class space    used 9744K, capacity 10384K, committed 10416K, reserved 1048576K
Event: 22.692 GC heap after
Heap after GC invocations=18 (full 3):
 PSYoungGen      total 289280K, used 25597K [0x00000000d5580000, 0x00000000ec800000, 0x0000000100000000)
  eden space 263680K, 0% used [0x00000000d5580000,0x00000000d5580000,0x00000000e5700000)
  from space 25600K, 99% used [0x00000000e5700000,0x00000000e6fff5b0,0x00000000e7000000)
  to   space 32256K, 0% used [0x00000000ea880000,0x00000000ea880000,0x00000000ec800000)
 ParOldGen       total 114176K, used 36794K [0x0000000080000000, 0x0000000086f80000, 0x00000000d5580000)
  object space 114176K, 32% used [0x0000000080000000,0x00000000823eeaf8,0x0000000086f80000)
 Metaspace       used 73581K, capacity 77170K, committed 77208K, reserved 1116160K
  class space    used 9744K, capacity 10384K, committed 10416K, reserved 1048576K
}

