# JRE version: OpenJDK Runtime Environment (8.0_242-b01) (build 1.8.0_242-release-1644-b01)
# Java VM: OpenJDK 64-Bit Server VM (25.242-b01 mixed mode windows-amd64 compressed oops)
Heap:
 PSYoungGen      total 549888K, used 361878K [0x00000000d5580000, 0x00000000fa600000, 0x0000000100000000)
  eden space 493056K, 68% used [0x00000000d5580000,0x00000000ea0f7bc0,0x00000000f3700000)
  from space 56832K, 39% used [0x00000000f3700000,0x00000000f4cedcb0,0x00000000f6e80000)
  to   space 51712K, 0% used [0x00000000f7380000,0x00000000f7380000,0x00000000fa600000)
 ParOldGen       total 262144K, used 182373K [0x0000000080000000, 0x0000000090000000, 0x00000000d5580000)
  object space 262144K, 69% used [0x0000000080000000,0x000000008b219668,0x0000000090000000)
 Metaspace       used 93433K, capacity 98192K, committed 99864K, reserved 1136640K
  class space    used 12325K, capacity 13190K, committed 13616K, reserved 1048576K
GC Heap History (10 events):
Event: 43.550 GC heap before
{Heap before GC invocations=31 (full 4):
 PSYoungGen      total 477696K, used 438803K [0x00000000d5580000, 0x00000000f6880000, 0x0000000100000000)
  eden space 423936K, 100% used [0x00000000d5580000,0x00000000ef380000,0x00000000ef380000)
  from space 53760K, 27% used [0x00000000f3400000,0x00000000f4284c20,0x00000000f6880000)
  to   space 59904K, 0% used [0x00000000ef380000,0x00000000ef380000,0x00000000f2e00000)
 ParOldGen       total 262144K, used 133910K [0x0000000080000000, 0x0000000090000000, 0x00000000d5580000)
  object space 262144K, 51% used [0x0000000080000000,0x00000000882c58b8,0x0000000090000000)
 Metaspace       used 93200K, capacity 97978K, committed 99608K, reserved 1134592K
  class space    used 12324K, capacity 13189K, committed 13616K, reserved 1048576K
Event: 43.597 GC heap after
Heap after GC invocations=31 (full 4):
 PSYoungGen      total 483840K, used 14671K [0x00000000d5580000, 0x00000000fac00000, 0x0000000100000000)
  eden space 423936K, 0% used [0x00000000d5580000,0x00000000d5580000,0x00000000ef380000)
  from space 59904K, 24% used [0x00000000ef380000,0x00000000f01d3ce0,0x00000000f2e00000)
  to   space 57856K, 0% used [0x00000000f7380000,0x00000000f7380000,0x00000000fac00000)
 ParOldGen       total 262144K, used 145258K [0x0000000080000000, 0x0000000090000000, 0x00000000d5580000)
  object space 262144K, 55% used [0x0000000080000000,0x0000000088ddabc0,0x0000000090000000)
 Metaspace       used 93200K, capacity 97978K, committed 99608K, reserved 1134592K
  class space    used 12324K, capacity 13189K, committed 13616K, reserved 1048576K
}
Event: 44.719 GC heap before
{Heap before GC invocations=32 (full 4):
 PSYoungGen      total 483840K, used 438607K [0x00000000d5580000, 0x00000000fac00000, 0x0000000100000000)
  eden space 423936K, 100% used [0x00000000d5580000,0x00000000ef380000,0x00000000ef380000)
  from space 59904K, 24% used [0x00000000ef380000,0x00000000f01d3ce0,0x00000000f2e00000)
  to   space 57856K, 0% used [0x00000000f7380000,0x00000000f7380000,0x00000000fac00000)
 ParOldGen       total 262144K, used 145258K [0x0000000080000000, 0x0000000090000000, 0x00000000d5580000)
  object space 262144K, 55% used [0x0000000080000000,0x0000000088ddabc0,0x0000000090000000)
 Metaspace       used 93237K, capacity 97982K, committed 99608K, reserved 1134592K
  class space    used 12324K, capacity 13189K, committed 13616K, reserved 1048576K
Event: 44.755 GC heap after
Heap after GC invocations=32 (full 4):
 PSYoungGen      total 544768K, used 7999K [0x00000000d5580000, 0x00000000fa600000, 0x0000000100000000)
  eden space 493056K, 0% used [0x00000000d5580000,0x00000000d5580000,0x00000000f3700000)
  from space 51712K, 15% used [0x00000000f7380000,0x00000000f7b4fd78,0x00000000fa600000)
  to   space 56832K, 0% used [0x00000000f3700000,0x00000000f3700000,0x00000000f6e80000)
 ParOldGen       total 262144K, used 157427K [0x0000000080000000, 0x0000000090000000, 0x00000000d5580000)
  object space 262144K, 60% used [0x0000000080000000,0x00000000899bcdf8,0x0000000090000000)
 Metaspace       used 93237K, capacity 97982K, committed 99608K, reserved 1134592K
  class space    used 12324K, capacity 13189K, committed 13616K, reserved 1048576K
}
Event: 45.756 GC heap before
{Heap before GC invocations=33 (full 4):
 PSYoungGen      total 544768K, used 501055K [0x00000000d5580000, 0x00000000fa600000, 0x0000000100000000)
  eden space 493056K, 100% used [0x00000000d5580000,0x00000000f3700000,0x00000000f3700000)
  from space 51712K, 15% used [0x00000000f7380000,0x00000000f7b4fd78,0x00000000fa600000)
  to   space 56832K, 0% used [0x00000000f3700000,0x00000000f3700000,0x00000000f6e80000)
 ParOldGen       total 262144K, used 157427K [0x0000000080000000, 0x0000000090000000, 0x00000000d5580000)
  object space 262144K, 60% used [0x0000000080000000,0x00000000899bcdf8,0x0000000090000000)
 Metaspace       used 93283K, capacity 98050K, committed 99608K, reserved 1134592K
  class space    used 12324K, capacity 13189K, committed 13616K, reserved 1048576K
Event: 46.003 GC heap after
Heap after GC invocations=33 (full 4):
 PSYoungGen      total 549888K, used 16483K [0x00000000d5580000, 0x00000000fa600000, 0x0000000100000000)
  eden space 493056K, 0% used [0x00000000d5580000,0x00000000d5580000,0x00000000f3700000)
  from space 56832K, 29% used [0x00000000f3700000,0x00000000f4718f00,0x00000000f6e80000)
  to   space 51712K, 0% used [0x00000000f7380000,0x00000000f7380000,0x00000000fa600000)
 ParOldGen       total 262144K, used 163656K [0x0000000080000000, 0x0000000090000000, 0x00000000d5580000)
  object space 262144K, 62% used [0x0000000080000000,0x0000000089fd23e8,0x0000000090000000)
 Metaspace       used 93283K, capacity 98050K, committed 99608K, reserved 1134592K
  class space    used 12324K, capacity 13189K, committed 13616K, reserved 1048576K
}
Event: 47.157 GC heap before
{Heap before GC invocations=34 (full 4):
 PSYoungGen      total 549888K, used 509539K [0x00000000d5580000, 0x00000000fa600000, 0x0000000100000000)
  eden space 493056K, 100% used [0x00000000d5580000,0x00000000f3700000,0x00000000f3700000)
  from space 56832K, 29% used [0x00000000f3700000,0x00000000f4718f00,0x00000000f6e80000)
  to   space 51712K, 0% used [0x00000000f7380000,0x00000000f7380000,0x00000000fa600000)
 ParOldGen       total 262144K, used 163656K [0x0000000080000000, 0x0000000090000000, 0x00000000d5580000)
  object space 262144K, 62% used [0x0000000080000000,0x0000000089fd23e8,0x0000000090000000)
 Metaspace       used 93373K, capacity 98114K, committed 99864K, reserved 1136640K
  class space    used 12324K, capacity 13189K, committed 13616K, reserved 1048576K
Event: 47.262 GC heap after
Heap after GC invocations=34 (full 4):
 PSYoungGen      total 544768K, used 16726K [0x00000000d5580000, 0x00000000fa600000, 0x0000000100000000)
  eden space 493056K, 0% used [0x00000000d5580000,0x00000000d5580000,0x00000000f3700000)
  from space 51712K, 32% used [0x00000000f7380000,0x00000000f83d58c0,0x00000000fa600000)
  to   space 56832K, 0% used [0x00000000f3700000,0x00000000f3700000,0x00000000f6e80000)
 ParOldGen       total 262144K, used 174480K [0x0000000080000000, 0x0000000090000000, 0x00000000d5580000)
  object space 262144K, 66% used [0x0000000080000000,0x000000008aa64010,0x0000000090000000)
 Metaspace       used 93373K, capacity 98114K, committed 99864K, reserved 1136640K
  class space    used 12324K, capacity 13189K, committed 13616K, reserved 1048576K
}
Event: 49.089 GC heap before
{Heap before GC invocations=35 (full 4):
 PSYoungGen      total 544768K, used 509782K [0x00000000d5580000, 0x00000000fa600000, 0x0000000100000000)
  eden space 493056K, 100% used [0x00000000d5580000,0x00000000f3700000,0x00000000f3700000)
  from space 51712K, 32% used [0x00000000f7380000,0x00000000f83d58c0,0x00000000fa600000)
  to   space 56832K, 0% used [0x00000000f3700000,0x00000000f3700000,0x00000000f6e80000)
 ParOldGen       total 262144K, used 174480K [0x0000000080000000, 0x0000000090000000, 0x00000000d5580000)
  object space 262144K, 66% used [0x0000000080000000,0x000000008aa64010,0x0000000090000000)
 Metaspace       used 93411K, capacity 98122K, committed 99864K, reserved 1136640K
  class space    used 12324K, capacity 13189K, committed 13616K, reserved 1048576K
Event: 49.132 GC heap after
Heap after GC invocations=35 (full 4):
 PSYoungGen      total 549888K, used 22455K [0x00000000d5580000, 0x00000000fa600000, 0x0000000100000000)
  eden space 493056K, 0% used [0x00000000d5580000,0x00000000d5580000,0x00000000f3700000)
  from space 56832K, 39% used [0x00000000f3700000,0x00000000f4cedcb0,0x00000000f6e80000)
  to   space 51712K, 0% used [0x00000000f7380000,0x00000000f7380000,0x00000000fa600000)
 ParOldGen       total 262144K, used 182373K [0x0000000080000000, 0x0000000090000000, 0x00000000d5580000)
  object space 262144K, 69% used [0x0000000080000000,0x000000008b219668,0x0000000090000000)
 Metaspace       used 93411K, capacity 98122K, committed 99864K, reserved 1136640K
  class space    used 12324K, capacity 13189K, committed 13616K, reserved 1048576K
}

